c:\users\joel\documents\elemental\elemental\elemental\elemental\x64\debug\vc141.pdb
c:\users\joel\documents\elemental\elemental\elemental\elemental\x64\debug\vc141.idb
c:\users\joel\documents\elemental\elemental\elemental\elemental\x64\debug\treetown.obj
c:\users\joel\documents\elemental\elemental\elemental\elemental\x64\debug\tilemap.obj
c:\users\joel\documents\elemental\elemental\elemental\elemental\x64\debug\tile.obj
c:\users\joel\documents\elemental\elemental\elemental\elemental\x64\debug\spellslot.obj
c:\users\joel\documents\elemental\elemental\elemental\elemental\x64\debug\spelleffect.obj
c:\users\joel\documents\elemental\elemental\elemental\elemental\x64\debug\spell.obj
c:\users\joel\documents\elemental\elemental\elemental\elemental\x64\debug\player.obj
c:\users\joel\documents\elemental\elemental\elemental\elemental\x64\debug\main.obj
c:\users\joel\documents\elemental\elemental\elemental\elemental\x64\debug\firespells.obj
c:\users\joel\documents\elemental\elemental\elemental\elemental\x64\debug\firebolt.obj
c:\users\joel\documents\elemental\elemental\elemental\elemental\x64\debug\enemy.obj
c:\users\joel\documents\elemental\elemental\elemental\elemental\x64\debug\dummy.obj
c:\users\joel\documents\elemental\elemental\elemental\elemental\x64\debug\basecircle.obj
c:\users\joel\documents\elemental\elemental\elemental\x64\debug\elemental.exe
c:\users\joel\documents\elemental\elemental\elemental\x64\debug\elemental.ilk
c:\users\joel\documents\elemental\elemental\elemental\x64\debug\elemental.pdb
c:\users\joel\documents\elemental\elemental\elemental\elemental\x64\debug\elemental.tlog\cl.command.1.tlog
c:\users\joel\documents\elemental\elemental\elemental\elemental\x64\debug\elemental.tlog\cl.read.1.tlog
c:\users\joel\documents\elemental\elemental\elemental\elemental\x64\debug\elemental.tlog\cl.write.1.tlog
c:\users\joel\documents\elemental\elemental\elemental\elemental\x64\debug\elemental.tlog\link.command.1.tlog
c:\users\joel\documents\elemental\elemental\elemental\elemental\x64\debug\elemental.tlog\link.read.1.tlog
c:\users\joel\documents\elemental\elemental\elemental\elemental\x64\debug\elemental.tlog\link.write.1.tlog
